<?xml version="1.0" encoding="UTF-8"?>
<!-- Generated by org.testng.reporters.JUnitReportReporter -->
<testsuite hostname="INMAA1-L1005" name="com.javacodegeeks.testng.selenium.TestNGSeleniumExample" tests="2" failures="0" timestamp="2 Mar 2015 16:41:58 GMT" time="6.382" errors="0">
  <testcase name="searchGoogle" time="1.555" classname="com.javacodegeeks.testng.selenium.TestNGSeleniumExample"/>
  <testcase name="searchGoogle" time="4.827" classname="com.javacodegeeks.testng.selenium.TestNGSeleniumExample"/>
</testsuite> <!-- com.javacodegeeks.testng.selenium.TestNGSeleniumExample -->
