<?xml version="1.0" encoding="UTF-8"?>
<!-- Generated by org.testng.reporters.JUnitReportReporter -->
<testsuite hostname="INMAA1-L1005" name="com.javacodegeeks.testng.selenium.TestNGSeleniumDriverInjectionExample" tests="1" failures="0" timestamp="3 Mar 2015 04:41:48 GMT" time="4.086" errors="0">
  <testcase name="searchGoogle" time="4.086" classname="com.javacodegeeks.testng.selenium.TestNGSeleniumDriverInjectionExample"/>
</testsuite> <!-- com.javacodegeeks.testng.selenium.TestNGSeleniumDriverInjectionExample -->
