<?xml version="1.0" encoding="UTF-8"?>
<!-- Generated by org.testng.reporters.JUnitReportReporter -->
<testsuite hostname="INMAA1-L1005" name="com.javacodegeeks.testng.selenium.TestNGSeleniumDependentMethodExample" tests="2" failures="0" timestamp="3 Mar 2015 05:23:12 GMT" time="25.067" errors="0">
  <testcase name="searchTestNGInJCG" time="15.088" classname="com.javacodegeeks.testng.selenium.TestNGSeleniumDependentMethodExample"/>
  <testcase name="clickOnJCGTestNGArticle" time="9.979" classname="com.javacodegeeks.testng.selenium.TestNGSeleniumDependentMethodExample"/>
</testsuite> <!-- com.javacodegeeks.testng.selenium.TestNGSeleniumDependentMethodExample -->
