<?xml version="1.0" encoding="UTF-8"?>
<!-- Generated by org.testng.reporters.JUnitReportReporter -->
<testsuite hostname="INMAA1-L1005" name="com.javacodegeeks.testng.selenium.TestNGSeleniumMultipleSearchExample" tests="2" failures="0" timestamp="2 Mar 2015 17:34:22 GMT" time="5.914" errors="0">
  <testcase name="searchGoogle" time="1.526" classname="com.javacodegeeks.testng.selenium.TestNGSeleniumMultipleSearchExample"/>
  <testcase name="searchGoogle" time="4.388" classname="com.javacodegeeks.testng.selenium.TestNGSeleniumMultipleSearchExample"/>
</testsuite> <!-- com.javacodegeeks.testng.selenium.TestNGSeleniumMultipleSearchExample -->
