<?xml version="1.0" encoding="UTF-8"?>
<!-- Generated by org.testng.reporters.JUnitReportReporter -->
<testsuite hostname="INMAA1-L1005" name="com.javacodegeeks.testng.spring.SpringTestNGTransactionExample" tests="5" failures="0" timestamp="26 Feb 2015 13:16:43 GMT" time="0.201" errors="0">
  <testcase name="insertEmployeeWithRollbackAsDefault" time="0.038" classname="com.javacodegeeks.testng.spring.SpringTestNGTransactionExample"/>
  <testcase name="insertEmployeeUsingSqlAnnotation" time="0.030" classname="com.javacodegeeks.testng.spring.SpringTestNGTransactionExample"/>
  <testcase name="insertEmployeeWithCommitAsDefault" time="0.042" classname="com.javacodegeeks.testng.spring.SpringTestNGTransactionExample"/>
  <testcase name="tran" time="0.036" classname="com.javacodegeeks.testng.spring.SpringTestNGTransactionExample"/>
  <testcase name="insertEmployeeAndCommit" time="0.055" classname="com.javacodegeeks.testng.spring.SpringTestNGTransactionExample"/>
</testsuite> <!-- com.javacodegeeks.testng.spring.SpringTestNGTransactionExample -->
