<?xml version="1.0" encoding="UTF-8"?>
<!-- Generated by org.testng.reporters.JUnitReportReporter -->
<testsuite hostname="INMAA1-L1005" name="com.javacodegeeks.testng.spring.SpringTestNGDependencyInjectionExample" tests="2" failures="0" timestamp="26 Feb 2015 09:40:22 GMT" time="0.005" errors="0">
  <testcase name="verifyFooName" time="0.001" classname="com.javacodegeeks.testng.spring.SpringTestNGDependencyInjectionExample"/>
  <testcase name="verifyBeanFactory" time="0.004" classname="com.javacodegeeks.testng.spring.SpringTestNGDependencyInjectionExample"/>
</testsuite> <!-- com.javacodegeeks.testng.spring.SpringTestNGDependencyInjectionExample -->
