<?xml version="1.0" encoding="UTF-8"?>
<!-- Generated by org.testng.reporters.JUnitReportReporter -->
<testsuite hostname="AbhishekK" name="com.javacodegeeks.testng.selenium.TestExtractElementsCfg" tests="1" failures="0" timestamp="1 Apr 2016 05:43:46 GMT" time="42.021" errors="0">
  <testcase name="searchTestExtractElements" time="42.021" classname="com.javacodegeeks.testng.selenium.TestExtractElementsCfg"/>
</testsuite> <!-- com.javacodegeeks.testng.selenium.TestExtractElementsCfg -->
