<?xml version="1.0" encoding="UTF-8"?>
<!-- Generated by org.testng.reporters.JUnitReportReporter -->
<testsuite hostname="AbhishekK" name="com.javacodegeeks.testng.selenium.TestNGSeleniumSimpleSearchExample" tests="1" failures="0" timestamp="31 Mar 2016 10:31:50 GMT" time="4.261" errors="0">
  <testcase name="searchTestNGInGoogle" time="4.261" classname="com.javacodegeeks.testng.selenium.TestNGSeleniumSimpleSearchExample"/>
</testsuite> <!-- com.javacodegeeks.testng.selenium.TestNGSeleniumSimpleSearchExample -->
