<?xml version="1.0" encoding="UTF-8"?>
<!-- Generated by org.testng.reporters.JUnitReportReporter -->
<testsuite hostname="AbhishekK" name="com.testng.selenium.TestExtractElements" tests="1" failures="0" timestamp="1 Apr 2016 10:07:17 GMT" time="32.911" errors="0">
  <testcase name="searchTestExtractElements" time="32.911" classname="com.testng.selenium.TestExtractElements"/>
</testsuite> <!-- com.testng.selenium.TestExtractElements -->
