<?xml version="1.0" encoding="UTF-8"?>
<!-- Generated by org.testng.reporters.JUnitReportReporter -->
<testsuite hostname="INMAA1-L1005" name="com.javacodegeeks.testng.selenium.TestNGSeleniumDataDrivenSearchExample" tests="2" failures="0" timestamp="3 Mar 2015 09:50:43 GMT" time="7.068" errors="0">
  <testcase name="searchGoogle" time="4.603" classname="com.javacodegeeks.testng.selenium.TestNGSeleniumDataDrivenSearchExample"/>
  <testcase name="searchGoogle" time="2.465" classname="com.javacodegeeks.testng.selenium.TestNGSeleniumDataDrivenSearchExample"/>
</testsuite> <!-- com.javacodegeeks.testng.selenium.TestNGSeleniumDataDrivenSearchExample -->
