<?xml version="1.0" encoding="UTF-8"?>
<!-- Generated by org.testng.reporters.JUnitReportReporter -->
<testsuite hostname="INMAA1-L1005" name="com.javacodegeeks.testng.spring.SpringTestNGExamples" tests="1" failures="0" timestamp="25 Feb 2015 11:00:18 GMT" time="0.004" errors="0">
  <testcase name="fooName" time="0.004" classname="com.javacodegeeks.testng.spring.SpringTestNGExamples"/>
</testsuite> <!-- com.javacodegeeks.testng.spring.SpringTestNGExamples -->
