<?xml version="1.0" encoding="UTF-8"?>
<!-- Generated by org.testng.reporters.JUnitReportReporter -->
<testsuite hostname="AbhishekK" name="com.javacodegeeks.testng.selenium.TestExtractElements" tests="1" failures="0" timestamp="1 Apr 2016 05:37:13 GMT" time="18.765" errors="0">
  <testcase name="searchTestExtractElements" time="18.765" classname="com.javacodegeeks.testng.selenium.TestExtractElements"/>
</testsuite> <!-- com.javacodegeeks.testng.selenium.TestExtractElements -->
