<?xml version="1.0" encoding="UTF-8"?>
<!-- Generated by org.testng.reporters.JUnitReportReporter -->
<testsuite hostname="INMAA1-L1005" name="com.javacodegeeks.testng.spring.SpringTestNGContextCacheExample" tests="3" failures="0" timestamp="26 Feb 2015 09:42:41 GMT" time="0.033" errors="0">
  <testcase name="removeFromCache" time="0.004" classname="com.javacodegeeks.testng.spring.SpringTestNGContextCacheExample"/>
  <testcase name="verifyContextSame" time="0.029" classname="com.javacodegeeks.testng.spring.SpringTestNGContextCacheExample"/>
  <testcase name="verifyContextNew" time="0.000" classname="com.javacodegeeks.testng.spring.SpringTestNGContextCacheExample"/>
</testsuite> <!-- com.javacodegeeks.testng.spring.SpringTestNGContextCacheExample -->
